<?xml version="1.0" encoding="UTF-8"?>
<mule xmlns="http://www.mulesoft.org/schema/mule/core"
      xmlns:xsi="http://www.w3.org/2001/XMLSchema-instance"
      xmlns:spring="http://www.springframework.org/schema/beans"
      xmlns:pgp="http://www.mulesoft.org/schema/mule/pgp"
      xmlns:test="http://www.mulesoft.org/schema/mule/test"
    xsi:schemaLocation="
       http://www.springframework.org/schema/beans http://www.springframework.org/schema/beans/spring-beans-current.xsd
       http://www.mulesoft.org/schema/mule/core http://www.mulesoft.org/schema/mule/core/current/mule.xsd
       http://www.mulesoft.org/schema/mule/test http://www.mulesoft.org/schema/mule/test/current/mule-test.xsd
       http://www.mulesoft.org/schema/mule/pgp http://www.mulesoft.org/schema/mule/pgp/current/mule-pgp.xsd">

    <spring:bean id="pgpKeyManager" class="org.mule.test.module.pgp.PGPKeyRingImpl"
        init-method="initialise">
        <spring:property name="publicKeyRingFileName"
            value="serverPublic.gpg" />
        <spring:property name="secretKeyRingFileName"
            value="serverPrivate.gpg" />
        <spring:property name="secretAliasId" value="6247672658342245276" />
        <spring:property name="secretPassphrase" value="TestingPassphrase" />
    </spring:bean>

    <spring:bean id="credentialAccessor"
        class="org.mule.runtime.core.security.MuleHeaderCredentialsAccessor" />

    <pgp:security-manager>
        <pgp:security-provider name="pgpSecurityProvider"
            keyManager-ref="pgpKeyManager" />
        <pgp:keybased-encryption-strategy
            name="keyBasedEncryptionStrategy" keyManager-ref="pgpKeyManager"
            credentialsAccessor-ref="credentialAccessor" />
    </pgp:security-manager>


    <flow name="echo">
        <pgp:security-filter strategyName="keyBasedEncryptionStrategy"
                             signRequired="true" credentialsAccessor-ref="credentialAccessor"
                             keyManager-ref="pgpKeyManager" />
        <echo-component />
        <pgp:security-filter strategyName="keyBasedEncryptionStrategy"
                             signRequired="true" credentialsAccessor-ref="credentialAccessor"
                             keyManager-ref="pgpKeyManager"/>
        <test:queue name="output"/>
    </flow>
</mule>
