<mule xmlns="http://www.mulesoft.org/schema/mule/core"
       xmlns:xsi="http://www.w3.org/2001/XMLSchema-instance"
       xmlns:beans="http://www.springframework.org/schema/beans"
       xsi:schemaLocation="
         http://www.springframework.org/schema/beans http://www.springframework.org/schema/beans/spring-beans-current.xsd
         http://www.mulesoft.org/schema/mule/core http://www.mulesoft.org/schema/mule/core/current/mule.xsd">

    <custom-transaction-manager class="org.mule.tck.testmodels.mule.TestTransactionManagerFactory">
        <environment ref="managerEnvironment" />
    </custom-transaction-manager>

</mule>
