<?xml version="1.0" encoding="UTF-8"?>
<mule xmlns="http://www.mulesoft.org/schema/mule/core"
      xmlns:xsi="http://www.w3.org/2001/XMLSchema-instance"
      xmlns:spring="http://www.springframework.org/schema/beans"
      xmlns:mule="http://www.mulesoft.org/schema/mule/core"
      xmlns:test="http://www.mulesoft.org/schema/mule/test"
      xsi:schemaLocation="
       http://www.springframework.org/schema/beans http://www.springframework.org/schema/beans/spring-beans-current.xsd
       http://www.mulesoft.org/schema/mule/test http://www.mulesoft.org/schema/mule/test/current/mule-test.xsd
       http://www.mulesoft.org/schema/mule/core http://www.mulesoft.org/schema/mule/core/current/mule.xsd">

    <spring:bean name="exceptionBean" class="java.io.IOException"/>

    <spring:bean name="factory"
                 class="org.mule.test.tck.MuleTestNamespaceTestCase$StubDispatcherPoolFactory"/>

    <test:connector name="testConnectorWithDefaultFactory"/>

    <test:connector name="testConnectorWithOverriddenFactory" dispatcherPoolFactory-ref="factory"/>

    <model>
        <service name="testService1">
            <test:component enableNotifications="false" enableMessageHistory="false">
                <test:return-data>Foo Bar Car Jar</test:return-data>
                <test:callback class="org.mule.tck.functional.CounterCallback"/>
            </test:component>
        </service>

        <service name="testService2">
            <test:component throwException="true" exceptionToThrow="java.io.IOException" exceptionText="boom">
                <test:return-data file="test-data.txt"/>
                <test:callback class="org.mule.tck.functional.ResponseWriterCallback"/>
            </test:component>
        </service>

        <service name="testService3">
            <test:component enableMessageHistory="false" appendString=" #[context:serviceName]"/>
        </service>
    </model>
</mule>
