<?xml version="1.0" encoding="UTF-8"?>
<mule xmlns="http://www.mulesoft.org/schema/mule/core"
      xmlns:xsi="http://www.w3.org/2001/XMLSchema-instance"
      xmlns:util="http://www.springframework.org/schema/util"
      xmlns:spring="http://www.springframework.org/schema/beans"
      xmlns:test="http://www.mulesoft.org/schema/mule/test"
      xsi:schemaLocation="
       http://www.springframework.org/schema/beans http://www.springframework.org/schema/beans/spring-beans-current.xsd
       http://www.springframework.org/schema/util http://www.springframework.org/schema/util/spring-util-current.xsd
       http://www.mulesoft.org/schema/mule/core http://www.mulesoft.org/schema/mule/core/current/mule.xsd
       http://www.mulesoft.org/schema/mule/test http://www.mulesoft.org/schema/mule/test/current/mule-test.xsd">

    <configuration defaultResponseTimeout="10" defaultTransactionTimeout="20" shutdownTimeout="30">
        <default-threading-profile maxBufferSize="42" maxThreadsActive="16"
                                   maxThreadsIdle="3" poolExhaustedAction="WAIT" threadTTL="60001"/>
    </configuration>

    <global-property name="doCompression" value="true"/>
    <global-property name="beanProperty1" value="this was set from the manager properties!"/>
    <global-property name="OS_Version" value="not found"/>

    <spring:bean name="txManagerFactory" class="org.mule.tck.testmodels.mule.TestTransactionManagerFactory"/>

    <custom-transformer name="TestCompressionTransformer"
                        class="org.mule.tck.testmodels.mule.TestCompressionTransformer" returnClass="java.lang.String">
        <spring:property name="beanProperty2" value="12"/>
        <spring:property name="containerProperty" value="myString"/>
    </custom-transformer>

    <spring:bean name="apple" class="org.mule.tck.testmodels.fruit.Apple"/>

    <spring:bean name="orange" class="org.mule.tck.testmodels.fruit.Orange">
        <spring:property name="brand" value="Juicy Baby!"/>
        <spring:property name="segments" value="9"/>
        <spring:property name="radius" value="4.21"/>
        <spring:property name="mapProperties">
            <spring:map>
                <spring:entry key="prop1" value="prop1"/>
                <spring:entry key="prop2" value="prop2"/>
            </spring:map>
        </spring:property>
        <spring:property name="listProperties">
            <spring:list>
                <spring:value>prop1</spring:value>
                <spring:value>prop2</spring:value>
                <spring:value>prop3</spring:value>
            </spring:list>
        </spring:property>
        <spring:property name="arrayProperties">
            <spring:list>
                <spring:value>prop4</spring:value>
                <spring:value>prop5</spring:value>
                <spring:value>prop6</spring:value>
            </spring:list>
        </spring:property>
    </spring:bean>

    <interceptor-stack name="testInterceptorStack">
        <logging-interceptor/>
        <timer-interceptor/>
        <custom-interceptor class="org.mule.interceptor.LoggingInterceptor"/>
    </interceptor-stack>

    <custom-exception-strategy class="org.mule.tck.testmodels.mule.TestExceptionStrategy">
        <spring:property name="testProperty" value="testValue"/>
    </custom-exception-strategy>

    <flow name="orangeComponent">
        <component>
            <logging-interceptor/>
            <interceptor-stack ref="testInterceptorStack"/>
            <timer-interceptor/>
            <custom-entry-point-resolver-set class="org.mule.tck.testmodels.mule.TestEntryPointResolverSet">
                <spring:property name="testProperty" value="testValue"/>
            </custom-entry-point-resolver-set>
            <spring-object bean="orange"/>
        </component>

        <default-exception-strategy/>
    </flow>

    <!-- MULE-3932 Ensure interceptors can be used with shortcut component config -->
    <flow name="MULE3932Service">
        <component class="org.mule.tck.testmodels.fruit.Apple">
            <logging-interceptor/>
        </component>
    </flow>

    <flow name="appleComponent">
        <component>
            <spring-object bean="apple"/>
        </component>
        <choice>
            <when>
                <set-payload value="hi"/>
                <payload-type-filter expectedType="java.lang.String"/>
            </when>
            <when>
                <set-payload value="hi"/>
                <and-filter>
                    <regex-filter pattern="the quick brown (.*)"/>
                    <regex-filter pattern="(.*) brown (.*)"/>
                </and-filter>
            </when>
        </choice>
    </flow>

    <flow name="anotherComponent">
        <custom-aggregator class="org.mule.tck.testmodels.mule.TestCorrelationAggregator">
            <spring:property name="testProperty" value="testValue"/>
        </custom-aggregator>
        <component class="org.mule.tck.testmodels.fruit.Kiwi"/>
    </flow>

</mule>
