<?xml version="1.0" encoding="UTF-8"?>
<mule xmlns="http://www.mulesoft.org/schema/mule/core"
       xmlns:xsi="http://www.w3.org/2001/XMLSchema-instance"
       xmlns:util="http://www.springframework.org/schema/util"
       xmlns:spring="http://www.springframework.org/schema/beans"
       xmlns:mgmt="http://www.mulesoft.org/schema/mule/management"
       xsi:schemaLocation="
       http://www.springframework.org/schema/beans http://www.springframework.org/schema/beans/spring-beans-current.xsd
       http://www.springframework.org/schema/util http://www.springframework.org/schema/util/spring-util-current.xsd
       http://www.mulesoft.org/schema/mule/core http://www.mulesoft.org/schema/mule/core/current/mule.xsd
       http://www.mulesoft.org/schema/mule/management http://www.mulesoft.org/schema/mule/management/current/mule-management.xsd">

    <!-- model-inherited name="main" -->
    <model name="main" inherit="true">        
        <service name="appleComponent2">
            <inbound>
                <inbound-endpoint name="nonTransactedInboundEndpoint" address="test://endpoint.in3"
                    exchange-pattern="one-way"/>
                <inbound-endpoint name="transactedInboundEndpoint" address="test://endpoint.in2"
                    exchange-pattern="request-response">
                    <custom-transaction action="ALWAYS_BEGIN" factory-class="org.mule.tck.testmodels.mule.TestTransactionFactory"/>
                    <property key="testEndpointProperty" value="Prop1"/>
                </inbound-endpoint>
            </inbound>
            <pooled-component class="org.mule.tck.testmodels.fruit.Apple">
                <pooling-profile maxActive="9" maxIdle="6" maxWait="4002" 
                    exhaustedAction="WHEN_EXHAUSTED_FAIL" initialisationPolicy="INITIALISE_ALL"/>
            </pooled-component>
            <outbound>
                <filtering-router>
                    <outbound-endpoint name="transactedOutboundEndpoint" address="test://endpoint.out"
                        exchange-pattern="one-way"/>
                </filtering-router>
            </outbound>
            <threading-profile maxBufferSize="6" maxThreadsActive="12" maxThreadsIdle="6" poolExhaustedAction="DISCARD"/>
<!--            <pooling-profile exhaustedAction="WAIT" initialisationPolicy="INITIALISE_ALL"/>-->
            <queue-profile maxOutstandingMessages="102" >
                <default-persistent-queue-store/>
            </queue-profile>
        </service>
    </model>
</mule>
