<?xml version="1.0" encoding="UTF-8"?>
<mule xmlns:xsi="http://www.w3.org/2001/XMLSchema-instance"
      xmlns:test-policy="http://www.mulesoft.org/schema/mule/test-policy"
      xmlns="http://www.mulesoft.org/schema/mule/core"
      xsi:schemaLocation="http://www.mulesoft.org/schema/mule/core http://www.mulesoft.org/schema/mule/core/current/mule.xsd
               http://www.mulesoft.org/schema/mule/test-policy http://www.mulesoft.org/schema/mule/test-policy/current/mule-test-policy.xsd">

    <flow name="main">
        <logger level="ERROR" message="#[mel:payload]"/>
    </flow>

    <test-policy:proxy>
        <test-policy:source>
            <set-variable variableName="sourceState" value="before"/>
            <test-policy:execute-next/>
            <set-variable variableName="sourceState" value="after"/>
        </test-policy:source>
        <test-policy:operation>
            <set-variable variableName="requestState" value="before"/>
            <test-policy:execute-next/>
            <set-variable variableName="requestState" value="after"/>
        </test-policy:operation>
    </test-policy:proxy>
</mule>
