<?xml version="1.0" encoding="UTF-8"?>
<mule
      xmlns="http://www.mulesoft.org/schema/mule/core"
      xmlns:xsi="http://www.w3.org/2001/XMLSchema-instance"
      xmlns:test-policy="http://www.mulesoft.org/schema/mule/test-policy"
      xmlns:vm="http://www.mulesoft.org/schema/mule/vm"
      xsi:schemaLocation="http://www.mulesoft.org/schema/mule/core http://www.mulesoft.org/schema/mule/core/current/mule.xsd
               http://www.mulesoft.org/schema/mule/vm http://www.mulesoft.org/schema/mule/vm/current/mule-vm.xsd
               http://www.mulesoft.org/schema/mule/test-policy http://www.mulesoft.org/schema/mule/test-policy/current/mule-test-policy.xsd">

    <object name="blocks-mp" class="org.mule.test.policy.PolicyBackPressureTestCase$BlocksMP"/>

    <vm:connector name="vmConnector"></vm:connector>

    <flow name="testFlow">
        <logger level="ERROR" message="#[mel:payload]"/>
        <set-payload value="hola perro" />
    </flow>

    <test-policy:proxy>
        <test-policy:source>
            <set-variable variableName="sourceState" value="hola"/>
            <test-policy:execute-next/>
        </test-policy:source>
        <test-policy:operation>
            <test-policy:execute-next/>
        </test-policy:operation>
    </test-policy:proxy>
</mule>
