<?xml version="1.0" encoding="UTF-8"?>
<mule xmlns="http://www.mulesoft.org/schema/mule/core"
      xmlns:xsi="http://www.w3.org/2001/XMLSchema-instance"
      xmlns:cxf="http://www.mulesoft.org/schema/mule/cxf"
      xmlns:spring="http://www.springframework.org/schema/beans"
      xmlns:vm="http://www.mulesoft.org/schema/mule/vm"

      xsi:schemaLocation="
            http://www.springframework.org/schema/beans http://www.springframework.org/schema/beans/spring-beans-current.xsd
            http://www.mulesoft.org/schema/mule/core http://www.mulesoft.org/schema/mule/core/current/mule.xsd
            http://www.mulesoft.org/schema/mule/cxf http://www.mulesoft.org/schema/mule/cxf/current/mule-cxf.xsd
            http://www.mulesoft.org/schema/mule/vm http://www.mulesoft.org/schema/mule/vm/current/mule-vm.xsd">


    <flow name="Gateway">
        <inbound-endpoint address="http://localhost:8088/TestProxy"
                          exchange-pattern="request-response">
            <cxf:proxy-service port="TestPOJOComponentPort"
                               service="TestPOJOComponent"
                               namespace="http://someOtherPackage.support.cxf.transport.mule/"
                               wsdlLocation="./org/mule/module/cxf/support/TestProxyImpl.wsdl"
                    />
        </inbound-endpoint>
        <outbound-endpoint address="vm://TestProxyImpl" exchange-pattern="request-response">
            <cxf:proxy-client/>
        </outbound-endpoint>
    </flow>

    <flow name="Component">
        <inbound-endpoint address="vm://TestProxyImpl" exchange-pattern="request-response">
            <cxf:proxy-service/>
        </inbound-endpoint>
        <component class="org.mule.module.cxf.support.someOtherPackage.TestPOJOComponent"/>
    </flow>

</mule>
