<?xml version="1.0" encoding="UTF-8"?>
<beans xmlns="http://www.springframework.org/schema/beans"
       xmlns:xsi="http://www.w3.org/2001/XMLSchema-instance"
       xmlns:test="http://www.mulesoft.org/schema/mule/test"
       xmlns:mule="http://www.mulesoft.org/schema/mule/core"
       xsi:schemaLocation="
       http://www.springframework.org/schema/beans http://www.springframework.org/schema/beans/spring-beans-current.xsd
       http://www.mulesoft.org/schema/mule/test http://www.mulesoft.org/schema/mule/test/current/mule-test.xsd
       http://www.mulesoft.org/schema/mule/core http://www.mulesoft.org/schema/mule/core/current/mule.xsd">

    <mule:mule>
        <mule:global-property name="doCompression" value="true"/>
        <mule:global-property name="beanProperty1" value="this was set from the manager properties!"/>
        <mule:global-property name="OS_Version" value="${os.version}"/>

        <mule:configuration defaultResponseTimeout="10" defaultTransactionTimeout="20" shutdownTimeout="30">
            <mule:default-threading-profile maxBufferSize="42" maxThreadsActive="16"
                                            maxThreadsIdle="3" poolExhaustedAction="WAIT" threadTTL="60001"/>
        </mule:configuration>

        <mule:custom-transaction-manager class="org.mule.tck.testmodels.mule.TestTransactionManagerFactory"/>

        <mule:custom-transformer name="TestCompressionTransformer"
                                 class="org.mule.tck.testmodels.mule.TestCompressionTransformer"
                                 returnClass="java.lang.String">
            <property name="beanProperty1" value="${beanProperty1}"/>
            <property name="beanProperty2" value="12"/>
            <property name="containerProperty" value="a string"/>
        </mule:custom-transformer>
        <test:no-action-transformer name="TestTransformer" returnClass="[B"/>

        <bean name="apple" class="org.mule.tck.testmodels.fruit.Apple"/>

        <bean name="orange" class="org.mule.tck.testmodels.fruit.Orange">
            <property name="brand" value="Juicy Baby!"/>
            <property name="segments" value="9"/>
            <property name="radius" value="4.21"/>
            <property name="mapProperties">
                <map>
                    <entry key="prop1" value="prop1"/>
                    <entry key="prop2" value="prop2"/>
                </map>
            </property>
            <property name="listProperties">
                <list>
                    <value>prop1</value>
                    <value>prop2</value>
                    <value>prop3</value>
                </list>
            </property>
            <property name="arrayProperties">
                <list>
                    <value>prop4</value>
                    <value>prop5</value>
                    <value>prop6</value>
                </list>
            </property>
        </bean>

        <mule:flow name="msgInfoMappingTestComponent">
            <mule:component class="org.mule.tck.testmodels.fruit.Apple"/>
            <mule:expression-message-info-mapping messageIdExpression="#[message.outboundProperties.id]"
                                                  correlationIdExpression="#[message.outboundProperties.correlation]"/>
        </mule:flow>

        <mule:interceptor-stack name="testInterceptorStack">
            <mule:logging-interceptor/>
            <mule:timer-interceptor/>
            <mule:custom-interceptor class="org.mule.interceptor.LoggingInterceptor"/>
        </mule:interceptor-stack>

        <mule:flow name="orangeComponent">
            <mule:component>
                <mule:logging-interceptor/>
                <mule:interceptor-stack ref="testInterceptorStack"/>
                <mule:timer-interceptor/>
                <mule:custom-entry-point-resolver-set class="org.mule.tck.testmodels.mule.TestEntryPointResolverSet">
                    <property name="testProperty" value="testValue"/>
                </mule:custom-entry-point-resolver-set>
                <mule:spring-object bean="orange"/>
            </mule:component>


            <mule:default-exception-strategy/>

        </mule:flow>

        <!-- MULE-3932 Ensure interceptors can be used with shortcut component config -->
        <mule:flow name="MULE3932Service">
            <mule:component class="org.mule.tck.testmodels.fruit.Apple">
                <mule:logging-interceptor/>
            </mule:component>
        </mule:flow>

        <mule:flow name="appleComponent">
            <mule:component>
                <mule:spring-object bean="apple"/>
            </mule:component>
            <mule:choice>
                <mule:when>
                    <mule:payload-type-filter expectedType="java.lang.String"/>
                </mule:when>
                <mule:when>
                    <mule:and-filter>
                        <mule:regex-filter pattern="the quick brown (.*)"/>
                        <mule:regex-filter pattern="(.*) brown (.*)"/>
                    </mule:and-filter>
                </mule:when>
            </mule:choice>
        </mule:flow>

        <mule:flow name="anotherComponent">
            <mule:custom-aggregator class="org.mule.tck.testmodels.mule.TestCorrelationAggregator">
                <property name="testProperty" value="testValue"/>
            </mule:custom-aggregator>
            <mule:component class="org.mule.tck.testmodels.fruit.Kiwi"/>
        </mule:flow>

    </mule:mule>

</beans>
