<?xml version="1.0" encoding="UTF-8"?>
<beans xmlns="http://www.springframework.org/schema/beans"
       xmlns:xsi="http://www.w3.org/2001/XMLSchema-instance"
       xmlns:test="http://www.mulesoft.org/schema/mule/test"
       xmlns:mule="http://www.mulesoft.org/schema/mule/core"
       xsi:schemaLocation="
       http://www.springframework.org/schema/beans http://www.springframework.org/schema/beans/spring-beans-current.xsd
       http://www.mulesoft.org/schema/mule/test http://www.mulesoft.org/schema/mule/test/current/mule-test.xsd
       http://www.mulesoft.org/schema/mule/core http://www.mulesoft.org/schema/mule/core/current/mule.xsd">

    <mule:mule>
        <mule:global-property name="doCompression" value="true"/>
        <mule:global-property name="beanProperty1" value="this was set from the manager properties!"/>
        <mule:global-property name="OS_Version" value="${os.version}"/>
        
        <mule:configuration defaultResponseTimeout="10" defaultTransactionTimeout="20" shutdownTimeout="30">
            <mule:default-threading-profile maxBufferSize="42" maxThreadsActive="16"
                maxThreadsIdle="3" poolExhaustedAction="WAIT" threadTTL="60001"/>
        </mule:configuration>

        <mule:custom-transaction-manager class="org.mule.tck.testmodels.mule.TestTransactionManagerFactory"/>

        <!-- TODO -->
        <!-- daniel is working on management, i think -->
        <!-- agents>
        <agent name="jmxAgent" className="org.mule.management.agents.JmxAgent"/>
        </agents -->


        <mule:custom-connector name="dummyConnector" class="org.mule.tck.testmodels.mule.TestConnector" >
            <mule:dispatcher-threading-profile maxBufferSize="2"/>
        </mule:custom-connector>

        <mule:endpoint name="AppleQueue" address="test://apple.queue" exchange-pattern="one-way"/>
        <mule:endpoint name="Banana_Queue" address="test://banana.queue" exchange-pattern="one-way"/>
        <mule:endpoint name="TestQueue" address="test://test.queue" exchange-pattern="one-way"/>

        <mule:custom-transformer name="TestCompressionTransformer"
                                 class="org.mule.tck.testmodels.mule.TestCompressionTransformer"
                                 returnClass="java.lang.String">
            <property name="beanProperty1" value="${beanProperty1}"/>
            <property name="beanProperty2" value="12"/>
            <property name="containerProperty" value="a string"/>
        </mule:custom-transformer>
        <test:no-action-transformer name="TestTransformer" returnClass="[B"/>

        <mule:endpoint name="fruitBowlEndpoint" address="test://fruitBowlPublishQ" exchange-pattern="one-way">
            <mule:message-property-filter pattern="foo=bar"/>
        </mule:endpoint>
        <!-- cannot have aliases -->
        <!-- mule:endpoint name="waterMelonEndpoint" ref="TestQueue"/ -->
        <mule:endpoint name="waterMelonEndpoint" address="test://test.queue" exchange-pattern="one-way"
            encoding="UTF-8-TEST"/>
        <mule:endpoint name="appleInEndpoint" address="test://AppleQueue" exchange-pattern="one-way"/>
        <mule:endpoint name="appleResponseEndpoint" address="test://AppleResponseQueue" 
            exchange-pattern="one-way"/>
        <mule:endpoint name="orangeEndpoint" address="test://orangeQ" exchange-pattern="one-way">
            <mule:properties>
                <entry key="testGlobal" value="value1"/>
            </mule:properties>
        </mule:endpoint>
        <mule:endpoint name="testEPWithCS" address="test://test.queue2" exchange-pattern="one-way"/>

    <mule:endpoint name="endpointWithProps" address="test://endpointWithProps" exchange-pattern="one-way">
        <mule:properties>
            <entry key="brand" value="Juicy Baby!"/>
            <entry key="segments" value="9"/>
            <entry key="radius" value="4.21"/>
            <entry key="mapProperties">
                <map>
                    <entry key="prop1" value="prop1"/>
                    <entry key="prop2" value="prop2"/>
                </map>
            </entry>
            <entry key="listProperties">
                <list>
                    <value>prop1</value>
                    <value>prop2</value>
                    <value>prop3</value>
                </list>
            </entry>
            <entry key="arrayProperties">
                <list>
                    <value>prop4</value>
                    <value>prop5</value>
                    <value>prop6</value>
                </list>
            </entry>
        </mule:properties>
    </mule:endpoint>

    <mule:interceptor-stack name="testInterceptorStack">
        <mule:logging-interceptor/>
        <mule:timer-interceptor/>
        <mule:custom-interceptor class="org.mule.interceptor.LoggingInterceptor"/>
    </mule:interceptor-stack>

    </mule:mule>

    <bean name="orange" class="org.mule.tck.testmodels.fruit.Orange">
        <property name="brand" value="Juicy Baby!"/>
        <property name="segments" value="9"/>
        <property name="radius" value="4.21"/>
        <property name="mapProperties">
            <map>
                <entry key="prop1" value="prop1"/>
                <entry key="prop2" value="prop2"/>
            </map>
        </property>
        <property name="listProperties">
            <list>
                <value>prop1</value>
                <value>prop2</value>
                <value>prop3</value>
            </list>
        </property>
        <property name="arrayProperties">
            <list>
                <value>prop4</value>
                <value>prop5</value>
                <value>prop6</value>
            </list>
        </property>
    </bean>

    <mule:mule>

        <mule:model name="main">

            <mule:custom-exception-strategy class="org.mule.tck.testmodels.mule.TestExceptionStrategy">
                <mule:outbound-endpoint address="test://component.exceptions" exchange-pattern="one-way"/>
            </mule:custom-exception-strategy>

            <!-- component-lifecycle-adapter-factory className="org.mule.tck.testmodels.mule.TestComponentLifecycleAdapterFactory"/ -->

            <mule:service name="orangeComponent">
                
                <mule:inbound>
                    <mule:inbound-endpoint name="Orange" address="test://orange/" exchange-pattern="one-way">
                        <mule:transformer ref="TestCompressionTransformer" />
                        <mule:response>
                           <mule:transformer ref="TestCompressionTransformer"/>
                       </mule:response>
                    </mule:inbound-endpoint>
                    <mule:inbound-endpoint ref="orangeEndpoint">
                        <mule:payload-type-filter expectedType="java.lang.String"/>
                        <mule:transformer ref="TestCompressionTransformer" />
                        <mule:properties>
                            <entry key="testLocal" value="value1"/>
                        </mule:properties>
                    </mule:inbound-endpoint>
                    <mule:forwarding-catch-all-strategy>
                        <mule:outbound-endpoint address="test://catch.all" exchange-pattern="one-way"/>
                    </mule:forwarding-catch-all-strategy>
                </mule:inbound>

                <mule:component>
                    <mule:logging-interceptor />
                    <mule:interceptor-stack ref="testInterceptorStack" />
                    <mule:timer-interceptor />
                    <mule:spring-object bean="orange"/>
                    <mule:binding interface="org.mule.tck.testmodels.fruit.FruitCleaner" method="wash">
                        <mule:outbound-endpoint address="test://do.wash" exchange-pattern="one-way"/>
                    </mule:binding>
                    <mule:binding interface="org.mule.tck.testmodels.fruit.FruitCleaner" method="polish">
                        <mule:outbound-endpoint address="test://do.polish" exchange-pattern="one-way"/>
                    </mule:binding>
                </mule:component>
                
                <mule:outbound>
                    <mule:pass-through-router>
                        <mule:outbound-endpoint ref="appleInEndpoint">
                            <mule:transformer ref="TestCompressionTransformer"/>
                        </mule:outbound-endpoint>
                    </mule:pass-through-router>
                </mule:outbound>

                <mule:async-reply timeout="10001">
                    <mule:inbound-endpoint address="test://response1" exchange-pattern="one-way"/>
                    <mule:inbound-endpoint ref="appleResponseEndpoint"/>
                    <mule:custom-async-reply-router class="org.mule.tck.testmodels.mule.TestResponseAggregator"/>
                </mule:async-reply>

                <mule:default-exception-strategy>
                    <mule:outbound-endpoint address="test://orange.exceptions" exchange-pattern="one-way"/>
                </mule:default-exception-strategy>
            </mule:service>

            <!-- MULE-3932 Ensure interceptors can be used with shortcut component config  -->
            <mule:service name="MULE3932Service">
                <mule:component class="org.mule.tck.testmodels.fruit.Apple">
                    <mule:logging-interceptor/>
                </mule:component>
            </mule:service>

            <mule:service name="appleComponent">

                <mule:inbound>
                    <mule:inbound-endpoint ref="appleInEndpoint"/>
                    <mule:selective-consumer-router>
                        <mule:payload-type-filter expectedType="java.lang.String"/>
                    </mule:selective-consumer-router>
                    <mule:idempotent-receiver-router/>
                    <mule:custom-catch-all-strategy class="org.mule.tck.testmodels.mule.TestCatchAllStrategy"/>
                </mule:inbound>

                <mule:component class="org.mule.tck.testmodels.fruit.Apple"/>

                <mule:outbound>
                    <mule:filtering-router>
                        <mule:outbound-endpoint name="TestApple-Out" address="test://appleQ2" exchange-pattern="one-way">
                            <mule:transformer ref="TestCompressionTransformer"/>
                        </mule:outbound-endpoint>
                        <mule:payload-type-filter expectedType="java.lang.String"/>
                    </mule:filtering-router>
                    <mule:filtering-router>
                        <mule:outbound-endpoint ref="waterMelonEndpoint"/>
                        <mule:and-filter>
                            <mule:regex-filter pattern="the quick brown (.*)"/>
                            <mule:regex-filter pattern="(.*) brown (.*)"/>
                        </mule:and-filter>
                    </mule:filtering-router>

                    <mule:custom-catch-all-strategy class="org.mule.tck.testmodels.mule.TestCatchAllStrategy"/>                    
                </mule:outbound>

                <mule:default-exception-strategy/>

            </mule:service>

            <mule:service name="msgInfoMappingTestComponent">
                <mule:inbound/>
                <mule:component class="org.mule.tck.testmodels.fruit.Apple"/>
                <mule:outbound>
                    <mule:filtering-router>
                        <mule:outbound-endpoint address="test://msgInfoMappingTestComponent" 
                            exchange-pattern="one-way" name="msgInfoMappingTestComponent-Out"/>
                    </mule:filtering-router>
                </mule:outbound>
                <mule:expression-message-info-mapping messageIdExpression="#[header:id]"
                    correlationIdExpression="#[header:correlation]" />
            </mule:service>

        </mule:model>

    </mule:mule>

</beans>
