<?xml version="1.0" encoding="UTF-8"?>
<mule xmlns:spring="http://www.springframework.org/schema/beans"
       xmlns:xsi="http://www.w3.org/2001/XMLSchema-instance"
       xmlns:test="http://www.mulesoft.org/schema/mule/test"
       xmlns="http://www.mulesoft.org/schema/mule/core"
       xsi:schemaLocation="
       http://www.springframework.org/schema/beans http://www.springframework.org/schema/beans/spring-beans-current.xsd
       http://www.mulesoft.org/schema/mule/test http://www.mulesoft.org/schema/mule/test/current/mule-test.xsd
       http://www.mulesoft.org/schema/mule/core http://www.mulesoft.org/schema/mule/core/current/mule.xsd">

    <spring:bean name="txFactory" class="org.mule.tck.testmodels.mule.TestTransactionFactory"/>

    <asynchronous-processing-strategy name="customStrategy" maxBufferSize="6" maxThreads="12"
                                                 poolExhaustedAction="DISCARD" />

    <flow name="appleComponent2" processingStrategy="customStrategy">
        <composite-source>
            <inbound-endpoint name="nonTransactedInboundEndpoint" address="test://endpoint.in3"
                              exchange-pattern="one-way"/>
            <inbound-endpoint name="transactedInboundEndpoint" address="test://endpoint.in2"
                              exchange-pattern="one-way">
                <property key="testEndpointProperty" value="Prop1"/>
            </inbound-endpoint>
        </composite-source>
        <pooled-component class="org.mule.tck.testmodels.fruit.Apple">
            <pooling-profile maxActive="9" maxIdle="6" maxWait="4002"
                             exhaustedAction="WHEN_EXHAUSTED_FAIL" initialisationPolicy="INITIALISE_ALL"/>
        </pooled-component>
        <outbound-endpoint name="transactedOutboundEndpoint" address="test://endpoint.out"
                           exchange-pattern="one-way"/>
    </flow>
</mule>
