<?xml version="1.0" encoding="UTF-8"?>
<mule xmlns:spring="http://www.springframework.org/schema/beans"
       xmlns:xsi="http://www.w3.org/2001/XMLSchema-instance"
       xmlns:test="http://www.mulesoft.org/schema/mule/test"
       xmlns="http://www.mulesoft.org/schema/mule/core"
       xsi:schemaLocation="
       http://www.springframework.org/schema/beans http://www.springframework.org/schema/beans/spring-beans-current.xsd
       http://www.mulesoft.org/schema/mule/test http://www.mulesoft.org/schema/mule/test/current/mule-test.xsd
       http://www.mulesoft.org/schema/mule/core http://www.mulesoft.org/schema/mule/core/current/mule.xsd">


    <flow name="testPropertiesComponent">
        <inbound-endpoint
                address="test://blah?transformers=TestCompressionTransformer&amp;responseTransformers=TestCompressionTransformer"
                exchange-pattern="one-way"/>
        <component>
            <spring-object bean="prop-test-ref"/>
        </component>
    </flow>


    <spring:bean name="anApple" class="org.mule.tck.testmodels.fruit.Apple"/>

    <spring:bean name="prop-test-ref" class="org.mule.tck.testmodels.fruit.Apple">
        <spring:property name="bitten" value="true"/>
        <spring:property name="washed" value="true"/>
    </spring:bean>

    <spring:bean name="factory-test" class="org.mule.tck.testmodels.mule.TestDependentObject"/>

    <spring:bean name="factoryObject" factory-bean="factory-test" factory-method="create">
        <spring:constructor-arg>
            <spring:map>
                <spring:entry key="test1" value="test1"/>
                <spring:entry key="test2" value="test2"/>
                <spring:entry key="containerObject" value-ref="anApple"/>
                <spring:entry key="osVersion" value="${os.version}"/>
                <!-- no defaults -->
                <spring:entry key="propertiesMap">
                    <spring:map>
                        <spring:entry key="test1" value="test1"/>
                        <spring:entry key="test2" value="test2"/>
                        <spring:entry key="containerObject" value-ref="anApple"/>
                        <spring:entry key="osVersion" value="${os.version}"/>
                        <!-- no nested factory (could repeat, but life is short...) -->
                    </spring:map>
                </spring:entry>
                <spring:entry key="propertiesList">
                    <spring:list>
                        <spring:value>test1</spring:value>
                        <spring:value>test2</spring:value>
                        <spring:ref bean="anApple"/>
                        <spring:value>${os.version}</spring:value>
                    </spring:list>
                </spring:entry>
            </spring:map>
        </spring:constructor-arg>
    </spring:bean>

</mule>
