<?xml version="1.0" encoding="UTF-8"?>
<mule xmlns:spring="http://www.springframework.org/schema/beans"
       xmlns:xsi="http://www.w3.org/2001/XMLSchema-instance"
       xmlns="http://www.mulesoft.org/schema/mule/core"
       xsi:schemaLocation="
       http://www.springframework.org/schema/beans http://www.springframework.org/schema/beans/spring-beans-current.xsd
       http://www.mulesoft.org/schema/mule/core http://www.mulesoft.org/schema/mule/core/current/mule.xsd">

    <spring:bean name="txFactory" class="org.mule.tck.testmodels.mule.TestTransactionFactory"/>

    <flow name="appleComponent2">
        <pooled-component class="org.mule.tck.testmodels.fruit.Apple">
            <pooling-profile maxActive="9" maxIdle="6" maxWait="4002"
                             exhaustedAction="WHEN_EXHAUSTED_FAIL" initialisationPolicy="INITIALISE_ALL"/>
        </pooled-component>
    </flow>
</mule>
