<?xml version="1.0" encoding="UTF-8"?>
<mule xmlns="http://www.mulesoft.org/schema/mule/core"
      xmlns:xsi="http://www.w3.org/2001/XMLSchema-instance"
      xmlns:jms="http://www.mulesoft.org/schema/mule/transport/jms"
      xmlns:transports="http://www.mulesoft.org/schema/mule/transports"
      xsi:schemaLocation="http://www.mulesoft.org/schema/mule/core http://www.mulesoft.org/schema/mule/core/current/mule.xsd
       http://www.mulesoft.org/schema/mule/transport/jms http://www.mulesoft.org/schema/mule/transport/jms/current/mule-transport-jms.xsd
       http://www.mulesoft.org/schema/mule/transports http://www.mulesoft.org/schema/mule/transports/current/mule-transports.xsd">

    <jms:activemq-connector name="jmsConnector"/>

    <flow name="TestReceiverUMO">
        <transports:inbound-endpoint address="jms://test.queue" exchange-pattern="request-response"/>
        <component class="org.mule.functional.testmodels.services.TestReceiver"/>
    </flow>

</mule>
